2023-07-19 21:38:52,932 - IFD - INFO - Multi-processing start method is `None`
2023-07-19 21:38:52,933 - IFD - INFO - OpenCV num_threads is `<built-in function getNumThreads>
2023-07-19 21:38:52,986 - IFD - INFO - Environment info:
------------------------------------------------------------
sys.platform: linux
Python: 3.8.0 (default, Nov  6 2019, 21:49:08) [GCC 7.3.0]
CUDA available: True
GPU 0: NVIDIA GeForce RTX 3090
CUDA_HOME: None
GCC: n/a
PyTorch: 1.13.0+cu116
PyTorch compiling details: PyTorch built with:
  - GCC 9.3
  - C++ Version: 201402
  - Intel(R) Math Kernel Library Version 2020.0.0 Product Build 20191122 for Intel(R) 64 architecture applications
  - Intel(R) MKL-DNN v2.6.0 (Git Hash 52b5f107dd9cf10910aaa19cb47f3abf9b349815)
  - OpenMP 201511 (a.k.a. OpenMP 4.5)
  - LAPACK is enabled (usually provided by MKL)
  - NNPACK is enabled
  - CPU capability usage: AVX2
  - CUDA Runtime 11.6
  - NVCC architecture flags: -gencode;arch=compute_37,code=sm_37;-gencode;arch=compute_50,code=sm_50;-gencode;arch=compute_60,code=sm_60;-gencode;arch=compute_70,code=sm_70;-gencode;arch=compute_75,code=sm_75;-gencode;arch=compute_80,code=sm_80;-gencode;arch=compute_86,code=sm_86
  - CuDNN 8.3.2  (built against CUDA 11.5)
  - Magma 2.6.1
  - Build settings: BLAS_INFO=mkl, BUILD_TYPE=Release, CUDA_VERSION=11.6, CUDNN_VERSION=8.3.2, CXX_COMPILER=/opt/rh/devtoolset-9/root/usr/bin/c++, CXX_FLAGS= -fabi-version=11 -Wno-deprecated -fvisibility-inlines-hidden -DUSE_PTHREADPOOL -fopenmp -DNDEBUG -DUSE_KINETO -DUSE_FBGEMM -DUSE_QNNPACK -DUSE_PYTORCH_QNNPACK -DUSE_XNNPACK -DSYMBOLICATE_MOBILE_DEBUG_HANDLE -DEDGE_PROFILER_USE_KINETO -O2 -fPIC -Wno-narrowing -Wall -Wextra -Werror=return-type -Werror=non-virtual-dtor -Wno-missing-field-initializers -Wno-type-limits -Wno-array-bounds -Wno-unknown-pragmas -Wunused-local-typedefs -Wno-unused-parameter -Wno-unused-function -Wno-unused-result -Wno-strict-overflow -Wno-strict-aliasing -Wno-error=deprecated-declarations -Wno-stringop-overflow -Wno-psabi -Wno-error=pedantic -Wno-error=redundant-decls -Wno-error=old-style-cast -fdiagnostics-color=always -faligned-new -Wno-unused-but-set-variable -Wno-maybe-uninitialized -fno-math-errno -fno-trapping-math -Werror=format -Werror=cast-function-type -Wno-stringop-overflow, LAPACK_INFO=mkl, PERF_WITH_AVX=1, PERF_WITH_AVX2=1, PERF_WITH_AVX512=1, TORCH_VERSION=1.13.1, USE_CUDA=ON, USE_CUDNN=ON, USE_EXCEPTION_PTR=1, USE_GFLAGS=OFF, USE_GLOG=OFF, USE_MKL=ON, USE_MKLDNN=ON, USE_MPI=OFF, USE_NCCL=ON, USE_NNPACK=ON, USE_OPENMP=ON, USE_ROCM=OFF, 

TorchVision: 0.14.0+cu116
OpenCV: 4.8.0
MMCV: 1.7.0
MMCV Compiler: GCC 9.3
MMCV CUDA Compiler: 11.6
------------------------------------------------------------

2023-07-19 21:38:52,987 - IFD - INFO - Distributed training: True
2023-07-19 21:38:53,094 - IFD - INFO - Config:
work_dir = 'records/nested_unet_month3_seed_4567'
dataset_type = 'MMDatasetV2'
img_norm_cfg = dict(
    mean=[
        0.485,
        0.456,
        0.406,
    ], std=[
        0.229,
        0.224,
        0.225,
    ])
input_size = (
    512,
    512,
)
train_pre_pipeline = [
    dict(type='LoadImageFromFile'),
    dict(type='LoadAnnotations', binary=True, train=True),
]
train_post_pipeline = [
    dict(type='SimpleResize', size=(
        512,
        512,
    )),
    dict(type='RandomFlip', prob=0.5),
    dict(
        type='Normalizev2',
        mean=[
            0.485,
            0.456,
            0.406,
        ],
        std=[
            0.229,
            0.224,
            0.225,
        ]),
    dict(type='DefaultFormatBundle'),
    dict(type='Collect', keys=[
        'img',
        'gt_semantic_seg',
    ]),
]
test_pipeline = [
    dict(type='LoadImageFromFile'),
    dict(type='SimpleResize', size=(
        512,
        512,
    )),
    dict(
        type='Normalizev2',
        mean=[
            0.485,
            0.456,
            0.406,
        ],
        std=[
            0.229,
            0.224,
            0.225,
        ]),
    dict(type='ImageToTensor', keys=[
        'img',
    ]),
    dict(type='Collect', keys=[
        'img',
    ]),
]
data = dict(
    samples_per_gpu=2,
    workers_per_gpu=4,
    train=dict(
        type='MMDatasetV2',
        data_root='/mnt/d/ycp/data/month3',
        ann_path='train.txt',
        pipeline=[
            [
                dict(type='LoadImageFromFile'),
                dict(type='LoadAnnotations', binary=True, train=True),
            ],
            [
                dict(type='SimpleResize', size=(
                    512,
                    512,
                )),
                dict(type='RandomFlip', prob=0.5),
                dict(
                    type='Normalizev2',
                    mean=[
                        0.485,
                        0.456,
                        0.406,
                    ],
                    std=[
                        0.229,
                        0.224,
                        0.225,
                    ]),
                dict(type='DefaultFormatBundle'),
                dict(type='Collect', keys=[
                    'img',
                    'gt_semantic_seg',
                ]),
            ],
        ]),
    val=[
        dict(
            type='MMDatasetV2',
            data_root='/mnt/d/ycp/data/month3',
            ann_path='test.txt',
            test_mode=True,
            pipeline=[
                dict(type='LoadImageFromFile'),
                dict(type='SimpleResize', size=(
                    512,
                    512,
                )),
                dict(
                    type='Normalizev2',
                    mean=[
                        0.485,
                        0.456,
                        0.406,
                    ],
                    std=[
                        0.229,
                        0.224,
                        0.225,
                    ]),
                dict(type='ImageToTensor', keys=[
                    'img',
                ]),
                dict(type='Collect', keys=[
                    'img',
                ]),
            ],
            dataset_name='month3',
            gt_seg_map_loader_cfg=dict(binary=True)),
    ])
norm_cfg = dict(type='SyncBN', requires_grad=True)
model = dict(
    type='NestedUnetDetector',
    base_model=dict(
        type='NestedUNet',
        num_classes=1,
        input_channels=3,
        deep_supervision=True,
        vis_feature=False),
    train_cfg=dict(
        seg_loss=[
            dict(type='BinaryDiceLoss', loss_weight=1.0),
            dict(type='FocalLoss', loss_weight=1.0),
        ],
        seg_loss_weights=[
            0.5,
            0.3,
            0.2,
        ]),
    test_cfg=dict())
optimizer = dict(type='AdamW', lr=0.0001, weight_decay=0.0001)
optimizer_config = dict()
lr_config = dict(policy='CosineAnnealing', min_lr=1e-07, by_epoch=False)
checkpoint_config = dict(by_epoch=False, interval=150, max_keep_ckpts=1)
runner = dict(type='IterBasedRunner', max_iters=3000)
evaluation = dict(
    interval=150,
    metric='mFscore',
    pre_eval=True,
    mean=False,
    thresh=0.5,
    img_thresh=0.5)
log_config = dict(
    interval=50,
    hooks=[
        dict(type='TextLoggerHook', by_epoch=False),
        dict(type='TensorboardLoggerHook'),
    ])
dist_params = dict(backend='nccl')
log_level = 'INFO'
load_from = None
resume_from = None
workflow = [
    (
        'train',
        1,
    ),
]
cudnn_benchmark = True
find_unused_parameters = False
auto_resume = False
gpu_ids = range(0, 1)

2023-07-19 21:38:53,095 - IFD - INFO - Set random seed to 4567, deterministic: False
2023-07-19 21:39:05,864 - IFD - INFO - Loaded 988 images
2023-07-19 21:39:12,697 - IFD - INFO - Loaded 248 images
2023-07-19 21:39:12,699 - IFD - INFO - Start running, host: wzi@DESKTOP-5CJG0DS, work_dir: /mnt/d/ycp/MMCellLab/MMColExp/records/nested_unet_month3_seed_4567
2023-07-19 21:39:12,700 - IFD - INFO - Hooks will be executed in the following order:
before_run:
(VERY_HIGH   ) CosineAnnealingLrUpdaterHook       
(NORMAL      ) CheckpointHook                     
(LOW         ) DistEvalHook                       
(VERY_LOW    ) TextLoggerHook                     
(VERY_LOW    ) TensorboardLoggerHook              
 -------------------- 
before_train_epoch:
(VERY_HIGH   ) CosineAnnealingLrUpdaterHook       
(LOW         ) IterTimerHook                      
(LOW         ) DistEvalHook                       
(VERY_LOW    ) TextLoggerHook                     
(VERY_LOW    ) TensorboardLoggerHook              
 -------------------- 
before_train_iter:
(VERY_HIGH   ) CosineAnnealingLrUpdaterHook       
(LOW         ) IterTimerHook                      
(LOW         ) DistEvalHook                       
 -------------------- 
after_train_iter:
(ABOVE_NORMAL) OptimizerHook                      
(NORMAL      ) CheckpointHook                     
(LOW         ) IterTimerHook                      
(LOW         ) DistEvalHook                       
(VERY_LOW    ) TextLoggerHook                     
(VERY_LOW    ) TensorboardLoggerHook              
 -------------------- 
after_train_epoch:
(NORMAL      ) CheckpointHook                     
(LOW         ) DistEvalHook                       
(VERY_LOW    ) TextLoggerHook                     
(VERY_LOW    ) TensorboardLoggerHook              
 -------------------- 
before_val_epoch:
(LOW         ) IterTimerHook                      
(VERY_LOW    ) TextLoggerHook                     
(VERY_LOW    ) TensorboardLoggerHook              
 -------------------- 
before_val_iter:
(LOW         ) IterTimerHook                      
 -------------------- 
after_val_iter:
(LOW         ) IterTimerHook                      
 -------------------- 
after_val_epoch:
(VERY_LOW    ) TextLoggerHook                     
(VERY_LOW    ) TensorboardLoggerHook              
 -------------------- 
after_run:
(VERY_LOW    ) TextLoggerHook                     
(VERY_LOW    ) TensorboardLoggerHook              
 -------------------- 
2023-07-19 21:39:12,701 - IFD - INFO - workflow: [('train', 1)], max: 3000 iters
2023-07-19 21:39:12,702 - IFD - INFO - Checkpoints will be saved to /mnt/d/ycp/MMCellLab/MMColExp/records/nested_unet_month3_seed_4567 by HardDiskBackend.
